<?xml version="1.0" encoding="UTF-8"?>
<!-- Generated by org.testng.reporters.JUnitReportReporter -->
<testsuite skipped="18" hostname="Luiss-MacBook-Pro.local" name="testSauceDemo.TestPage" tests="20" failures="0" timestamp="17 Mar 2020 01:46:52 GMT" time="2.849" errors="0">
  <testcase name="Login_with_a_valid_user" time="1.027" classname="testSauceDemo.TestPage"/>
  <testcase name="Login_with_a_valid_user" time="1.822" classname="testSauceDemo.TestPage"/>
  <testcase name="Logout_from_products_page" classname="testSauceDemo.TestPage">
    <skipped/>
  </testcase> <!-- Logout_from_products_page -->
  <testcase name="Logout_from_products_page" classname="testSauceDemo.TestPage">
    <skipped/>
  </testcase> <!-- Logout_from_products_page -->
  <testcase name="Final_order_items" classname="testSauceDemo.TestPage">
    <skipped/>
  </testcase> <!-- Final_order_items -->
  <testcase name="Final_order_items" classname="testSauceDemo.TestPage">
    <skipped/>
  </testcase> <!-- Final_order_items -->
  <testcase name="Continue_with_missing_mail_information" classname="testSauceDemo.TestPage">
    <skipped/>
  </testcase> <!-- Continue_with_missing_mail_information -->
  <testcase name="Continue_with_missing_mail_information" classname="testSauceDemo.TestPage">
    <skipped/>
  </testcase> <!-- Continue_with_missing_mail_information -->
  <testcase name="Add_a_single_item_to_the_shopping_cart" classname="testSauceDemo.TestPage">
    <skipped/>
  </testcase> <!-- Add_a_single_item_to_the_shopping_cart -->
  <testcase name="Add_a_single_item_to_the_shopping_cart" classname="testSauceDemo.TestPage">
    <skipped/>
  </testcase> <!-- Add_a_single_item_to_the_shopping_cart -->
  <testcase name="Login_with_a_invalid_user" classname="testSauceDemo.TestPage">
    <skipped/>
  </testcase> <!-- Login_with_a_invalid_user -->
  <testcase name="Login_with_a_invalid_user" classname="testSauceDemo.TestPage">
    <skipped/>
  </testcase> <!-- Login_with_a_invalid_user -->
  <testcase name="Navigate_to_the_shopping_cart" classname="testSauceDemo.TestPage">
    <skipped/>
  </testcase> <!-- Navigate_to_the_shopping_cart -->
  <testcase name="Navigate_to_the_shopping_cart" classname="testSauceDemo.TestPage">
    <skipped/>
  </testcase> <!-- Navigate_to_the_shopping_cart -->
  <testcase name="Add_multiple_item_to_the_shopping_cart" classname="testSauceDemo.TestPage">
    <skipped/>
  </testcase> <!-- Add_multiple_item_to_the_shopping_cart -->
  <testcase name="Add_multiple_item_to_the_shopping_cart" classname="testSauceDemo.TestPage">
    <skipped/>
  </testcase> <!-- Add_multiple_item_to_the_shopping_cart -->
  <testcase name="Fill_users_information" classname="testSauceDemo.TestPage">
    <skipped/>
  </testcase> <!-- Fill_users_information -->
  <testcase name="Fill_users_information" classname="testSauceDemo.TestPage">
    <skipped/>
  </testcase> <!-- Fill_users_information -->
  <testcase name="Complete_a_purchase" classname="testSauceDemo.TestPage">
    <skipped/>
  </testcase> <!-- Complete_a_purchase -->
  <testcase name="Complete_a_purchase" classname="testSauceDemo.TestPage">
    <skipped/>
  </testcase> <!-- Complete_a_purchase -->
</testsuite> <!-- testSauceDemo.TestPage -->
